#
# There is insufficient memory for the Java Runtime Environment to continue.
# Native memory allocation (malloc) failed to allocate 32744 bytes for ChunkPool::allocate
# Possible reasons:
#   The system is out of physical RAM or swap space
#   The process is running with CompressedOops enabled, and the Java Heap may be blocking the growth of the native heap
# Possible solutions:
#   Reduce memory load on the system
#   Increase physical memory or swap space
#   Check if swap backing store is full
#   Decrease Java heap size (-Xmx/-Xms)
#   Decrease number of Java threads
#   Decrease Java thread stack sizes (-Xss)
#   Set larger code cache with -XX:ReservedCodeCacheSize=
#   JVM is running with Unscaled Compressed Oops mode in which the Java heap is
#     placed in the first 4GB address space. The Java Heap base address is the
#     maximum limit for the native heap growth. Please use -XX:HeapBaseMinAddress
#     to set the Java Heap base and to place the Java Heap above 4GB virtual address.
# This output file may be truncated or incomplete.
#
#  Out of Memory Error (./src/hotspot/share/memory/arena.cpp:81), pid=9372, tid=23504
#
# JRE version: OpenJDK Runtime Environment JBR-11.0.11.9-1504.13-jcef (11.0.11+9) (build 11.0.11+9-b1504.13)
# Java VM: OpenJDK 64-Bit Server VM JBR-11.0.11.9-1504.13-jcef (11.0.11+9-b1504.13, mixed mode, tiered, compressed oops, g1 gc, windows-amd64)
# No core dump will be written. Minidumps are not enabled by default on client versions of Windows
#

---------------  S U M M A R Y ------------

Command Line: git4idea.http.GitAskPassApp Username for 'https://github.com': 

Host: Intel(R) Core(TM) i7-10750H CPU @ 2.60GHz, 12 cores, 7G,  Windows 10 , 64 bit Build 22581 (10.0.22581.1)
Time: Wed Mar 30 15:28:10 2022 India Standard Time elapsed time: 0.178641 seconds (0d 0h 0m 0s)

---------------  T H R E A D  ---------------

Current thread (0x00000223d4f58800):  JavaThread "C2 CompilerThread0" daemon [_thread_in_native, id=23504, stack(0x00000032b3600000,0x00000032b3700000)]


Current CompileTask:
C2:    178  159       4       java.lang.StringLatin1::toUpperCase (180 bytes)

Stack: [0x00000032b3600000,0x00000032b3700000]
Native frames: (J=compiled Java code, j=interpreted, Vv=VM code, C=native code)
V  [jvm.dll+0x5f5d5a]
V  [jvm.dll+0x7798b5]
V  [jvm.dll+0x77aecd]
V  [jvm.dll+0x77b583]
V  [jvm.dll+0x244978]
V  [jvm.dll+0xbd7bb]
V  [jvm.dll+0xbda6c]
V  [jvm.dll+0xbd668]
V  [jvm.dll+0x5d4020]
V  [jvm.dll+0x626cae]
V  [jvm.dll+0x199e58]
V  [jvm.dll+0x1fd65e]
V  [jvm.dll+0x1fc6e4]
V  [jvm.dll+0x18626c]
V  [jvm.dll+0x20b187]
V  [jvm.dll+0x2099d1]
V  [jvm.dll+0x74194f]
V  [jvm.dll+0x73a415]
V  [jvm.dll+0x5f4c66]
C  [ucrtbase.dll+0x29363]
C  [KERNEL32.DLL+0x16624]
C  [ntdll.dll+0x4a958]


---------------  P R O C E S S  ---------------

Threads class SMR info:
_java_thread_list=0x00000223d5116140, length=10, elements={
0x00000223b9e9c000, 0x00000223d4f50800, 0x00000223d4737800, 0x00000223d474e000,
0x00000223d4f53000, 0x00000223d4f55800, 0x00000223d4f58800, 0x00000223d4f5b800,
0x00000223d4f5e800, 0x00000223d5117000
}

Java Threads: ( => current thread )
  0x00000223b9e9c000 JavaThread "main" [_thread_in_vm, id=20044, stack(0x00000032b2a00000,0x00000032b2b00000)]
  0x00000223d4f50800 JavaThread "Reference Handler" daemon [_thread_blocked, id=25224, stack(0x00000032b3100000,0x00000032b3200000)]
  0x00000223d4737800 JavaThread "Finalizer" daemon [_thread_blocked, id=18144, stack(0x00000032b3200000,0x00000032b3300000)]
  0x00000223d474e000 JavaThread "Signal Dispatcher" daemon [_thread_blocked, id=19988, stack(0x00000032b3300000,0x00000032b3400000)]
  0x00000223d4f53000 JavaThread "Attach Listener" daemon [_thread_blocked, id=11216, stack(0x00000032b3400000,0x00000032b3500000)]
  0x00000223d4f55800 JavaThread "Service Thread" daemon [_thread_blocked, id=18544, stack(0x00000032b3500000,0x00000032b3600000)]
=>0x00000223d4f58800 JavaThread "C2 CompilerThread0" daemon [_thread_in_native, id=23504, stack(0x00000032b3600000,0x00000032b3700000)]
  0x00000223d4f5b800 JavaThread "C1 CompilerThread0" daemon [_thread_in_native, id=12364, stack(0x00000032b3700000,0x00000032b3800000)]
  0x00000223d4f5e800 JavaThread "Sweeper thread" daemon [_thread_blocked, id=5116, stack(0x00000032b3800000,0x00000032b3900000)]
  0x00000223d5117000 JavaThread "Common-Cleaner" daemon [_thread_blocked, id=11228, stack(0x00000032b3a00000,0x00000032b3b00000)]

Other Threads:
  0x00000223d470d000 VMThread "VM Thread" [stack: 0x00000032b3000000,0x00000032b3100000] [id=24552]
  0x00000223d5111000 WatcherThread [stack: 0x00000032b3900000,0x00000032b3a00000] [id=12648]
  0x00000223b9eb6000 GCTaskThread "GC Thread#0" [stack: 0x00000032b2b00000,0x00000032b2c00000] [id=10516]
  0x00000223b9ee7800 ConcurrentGCThread "G1 Main Marker" [stack: 0x00000032b2c00000,0x00000032b2d00000] [id=18148]
  0x00000223b9ee9800 ConcurrentGCThread "G1 Conc#0" [stack: 0x00000032b2d00000,0x00000032b2e00000] [id=12240]
  0x00000223b9f6d800 ConcurrentGCThread "G1 Refine#0" [stack: 0x00000032b2e00000,0x00000032b2f00000] [id=2568]
  0x00000223d457a800 ConcurrentGCThread "G1 Young RemSet Sampling" [stack: 0x00000032b2f00000,0x00000032b3000000] [id=15736]

Threads with active compile tasks:
C2 CompilerThread0    221  159       4       java.lang.StringLatin1::toUpperCase (180 bytes)
C1 CompilerThread0    221  253       3       jdk.internal.org.objectweb.asm.Frame::execute (2264 bytes)

VM state:not at safepoint (normal execution)

VM Mutex/Monitor currently owned by a thread: None

Heap address: 0x0000000082800000, size: 2008 MB, Compressed Oops mode: 32-bit
Narrow klass base: 0x0000000000000000, Narrow klass shift: 3
Compressed class space size: 1073741824 Address: 0x0000000100000000

Heap:
 garbage-first heap   total 129024K, used 8192K [0x0000000082800000, 0x0000000100000000)
  region size 1024K, 5 young (5120K), 0 survivors (0K)
 Metaspace       used 6274K, capacity 6389K, committed 6528K, reserved 1056768K
  class space    used 546K, capacity 574K, committed 640K, reserved 1048576K
Heap Regions: E=young(eden), S=young(survivor), O=old, HS=humongous(starts), HC=humongous(continues), CS=collection set, F=free, A=archive, TAMS=top-at-mark-start (previous, next)
|   0|0x0000000082800000, 0x0000000082900000, 0x0000000082900000|100%|HS|  |TAMS 0x0000000082800000, 0x0000000082800000| Complete 
|   1|0x0000000082900000, 0x0000000082a00000, 0x0000000082a00000|100%|HC|  |TAMS 0x0000000082900000, 0x0000000082900000| Complete 
|   2|0x0000000082a00000, 0x0000000082b00000, 0x0000000082b00000|100%|HC|  |TAMS 0x0000000082a00000, 0x0000000082a00000| Complete 
|   3|0x0000000082b00000, 0x0000000082c00000, 0x0000000082c00000|100%|HC|  |TAMS 0x0000000082b00000, 0x0000000082b00000| Complete 
|   4|0x0000000082c00000, 0x0000000082c00000, 0x0000000082d00000|  0%| F|  |TAMS 0x0000000082c00000, 0x0000000082c00000| Untracked 
|   5|0x0000000082d00000, 0x0000000082d00000, 0x0000000082e00000|  0%| F|  |TAMS 0x0000000082d00000, 0x0000000082d00000| Untracked 
|   6|0x0000000082e00000, 0x0000000082e00000, 0x0000000082f00000|  0%| F|  |TAMS 0x0000000082e00000, 0x0000000082e00000| Untracked 
|   7|0x0000000082f00000, 0x0000000082f00000, 0x0000000083000000|  0%| F|  |TAMS 0x0000000082f00000, 0x0000000082f00000| Untracked 
|   8|0x0000000083000000, 0x0000000083000000, 0x0000000083100000|  0%| F|  |TAMS 0x0000000083000000, 0x0000000083000000| Untracked 
|   9|0x0000000083100000, 0x0000000083100000, 0x0000000083200000|  0%| F|  |TAMS 0x0000000083100000, 0x0000000083100000| Untracked 
|  10|0x0000000083200000, 0x0000000083200000, 0x0000000083300000|  0%| F|  |TAMS 0x0000000083200000, 0x0000000083200000| Untracked 
|  11|0x0000000083300000, 0x0000000083300000, 0x0000000083400000|  0%| F|  |TAMS 0x0000000083300000, 0x0000000083300000| Untracked 
|  12|0x0000000083400000, 0x0000000083400000, 0x0000000083500000|  0%| F|  |TAMS 0x0000000083400000, 0x0000000083400000| Untracked 
|  13|0x0000000083500000, 0x0000000083500000, 0x0000000083600000|  0%| F|  |TAMS 0x0000000083500000, 0x0000000083500000| Untracked 
|  14|0x0000000083600000, 0x0000000083600000, 0x0000000083700000|  0%| F|  |TAMS 0x0000000083600000, 0x0000000083600000| Untracked 
|  15|0x0000000083700000, 0x0000000083700000, 0x0000000083800000|  0%| F|  |TAMS 0x0000000083700000, 0x0000000083700000| Untracked 
|  16|0x0000000083800000, 0x0000000083800000, 0x0000000083900000|  0%| F|  |TAMS 0x0000000083800000, 0x0000000083800000| Untracked 
|  17|0x0000000083900000, 0x0000000083900000, 0x0000000083a00000|  0%| F|  |TAMS 0x0000000083900000, 0x0000000083900000| Untracked 
|  18|0x0000000083a00000, 0x0000000083a00000, 0x0000000083b00000|  0%| F|  |TAMS 0x0000000083a00000, 0x0000000083a00000| Untracked 
|  19|0x0000000083b00000, 0x0000000083b00000, 0x0000000083c00000|  0%| F|  |TAMS 0x0000000083b00000, 0x0000000083b00000| Untracked 
|  20|0x0000000083c00000, 0x0000000083c00000, 0x0000000083d00000|  0%| F|  |TAMS 0x0000000083c00000, 0x0000000083c00000| Untracked 
|  21|0x0000000083d00000, 0x0000000083d00000, 0x0000000083e00000|  0%| F|  |TAMS 0x0000000083d00000, 0x0000000083d00000| Untracked 
|  22|0x0000000083e00000, 0x0000000083e00000, 0x0000000083f00000|  0%| F|  |TAMS 0x0000000083e00000, 0x0000000083e00000| Untracked 
|  23|0x0000000083f00000, 0x0000000083f00000, 0x0000000084000000|  0%| F|  |TAMS 0x0000000083f00000, 0x0000000083f00000| Untracked 
|  24|0x0000000084000000, 0x0000000084000000, 0x0000000084100000|  0%| F|  |TAMS 0x0000000084000000, 0x0000000084000000| Untracked 
|  25|0x0000000084100000, 0x0000000084100000, 0x0000000084200000|  0%| F|  |TAMS 0x0000000084100000, 0x0000000084100000| Untracked 
|  26|0x0000000084200000, 0x0000000084200000, 0x0000000084300000|  0%| F|  |TAMS 0x0000000084200000, 0x0000000084200000| Untracked 
|  27|0x0000000084300000, 0x0000000084300000, 0x0000000084400000|  0%| F|  |TAMS 0x0000000084300000, 0x0000000084300000| Untracked 
|  28|0x0000000084400000, 0x0000000084400000, 0x0000000084500000|  0%| F|  |TAMS 0x0000000084400000, 0x0000000084400000| Untracked 
|  29|0x0000000084500000, 0x0000000084500000, 0x0000000084600000|  0%| F|  |TAMS 0x0000000084500000, 0x0000000084500000| Untracked 
|  30|0x0000000084600000, 0x0000000084600000, 0x0000000084700000|  0%| F|  |TAMS 0x0000000084600000, 0x0000000084600000| Untracked 
|  31|0x0000000084700000, 0x0000000084700000, 0x0000000084800000|  0%| F|  |TAMS 0x0000000084700000, 0x0000000084700000| Untracked 
|  32|0x0000000084800000, 0x0000000084800000, 0x0000000084900000|  0%| F|  |TAMS 0x0000000084800000, 0x0000000084800000| Untracked 
|  33|0x0000000084900000, 0x0000000084900000, 0x0000000084a00000|  0%| F|  |TAMS 0x0000000084900000, 0x0000000084900000| Untracked 
|  34|0x0000000084a00000, 0x0000000084a00000, 0x0000000084b00000|  0%| F|  |TAMS 0x0000000084a00000, 0x0000000084a00000| Untracked 
|  35|0x0000000084b00000, 0x0000000084b00000, 0x0000000084c00000|  0%| F|  |TAMS 0x0000000084b00000, 0x0000000084b00000| Untracked 
|  36|0x0000000084c00000, 0x0000000084c00000, 0x0000000084d00000|  0%| F|  |TAMS 0x0000000084c00000, 0x0000000084c00000| Untracked 
|  37|0x0000000084d00000, 0x0000000084d00000, 0x0000000084e00000|  0%| F|  |TAMS 0x0000000084d00000, 0x0000000084d00000| Untracked 
|  38|0x0000000084e00000, 0x0000000084e00000, 0x0000000084f00000|  0%| F|  |TAMS 0x0000000084e00000, 0x0000000084e00000| Untracked 
|  39|0x0000000084f00000, 0x0000000084f00000, 0x0000000085000000|  0%| F|  |TAMS 0x0000000084f00000, 0x0000000084f00000| Untracked 
|  40|0x0000000085000000, 0x0000000085000000, 0x0000000085100000|  0%| F|  |TAMS 0x0000000085000000, 0x0000000085000000| Untracked 
|  41|0x0000000085100000, 0x0000000085100000, 0x0000000085200000|  0%| F|  |TAMS 0x0000000085100000, 0x0000000085100000| Untracked 
|  42|0x0000000085200000, 0x0000000085200000, 0x0000000085300000|  0%| F|  |TAMS 0x0000000085200000, 0x0000000085200000| Untracked 
|  43|0x0000000085300000, 0x0000000085300000, 0x0000000085400000|  0%| F|  |TAMS 0x0000000085300000, 0x0000000085300000| Untracked 
|  44|0x0000000085400000, 0x0000000085400000, 0x0000000085500000|  0%| F|  |TAMS 0x0000000085400000, 0x0000000085400000| Untracked 
|  45|0x0000000085500000, 0x0000000085500000, 0x0000000085600000|  0%| F|  |TAMS 0x0000000085500000, 0x0000000085500000| Untracked 
|  46|0x0000000085600000, 0x0000000085600000, 0x0000000085700000|  0%| F|  |TAMS 0x0000000085600000, 0x0000000085600000| Untracked 
|  47|0x0000000085700000, 0x0000000085700000, 0x0000000085800000|  0%| F|  |TAMS 0x0000000085700000, 0x0000000085700000| Untracked 
|  48|0x0000000085800000, 0x0000000085800000, 0x0000000085900000|  0%| F|  |TAMS 0x0000000085800000, 0x0000000085800000| Untracked 
|  49|0x0000000085900000, 0x0000000085900000, 0x0000000085a00000|  0%| F|  |TAMS 0x0000000085900000, 0x0000000085900000| Untracked 
|  50|0x0000000085a00000, 0x0000000085a00000, 0x0000000085b00000|  0%| F|  |TAMS 0x0000000085a00000, 0x0000000085a00000| Untracked 
|  51|0x0000000085b00000, 0x0000000085b00000, 0x0000000085c00000|  0%| F|  |TAMS 0x0000000085b00000, 0x0000000085b00000| Untracked 
|  52|0x0000000085c00000, 0x0000000085c00000, 0x0000000085d00000|  0%| F|  |TAMS 0x0000000085c00000, 0x0000000085c00000| Untracked 
|  53|0x0000000085d00000, 0x0000000085d00000, 0x0000000085e00000|  0%| F|  |TAMS 0x0000000085d00000, 0x0000000085d00000| Untracked 
|  54|0x0000000085e00000, 0x0000000085e00000, 0x0000000085f00000|  0%| F|  |TAMS 0x0000000085e00000, 0x0000000085e00000| Untracked 
|  55|0x0000000085f00000, 0x0000000085f00000, 0x0000000086000000|  0%| F|  |TAMS 0x0000000085f00000, 0x0000000085f00000| Untracked 
|  56|0x0000000086000000, 0x0000000086000000, 0x0000000086100000|  0%| F|  |TAMS 0x0000000086000000, 0x0000000086000000| Untracked 
|  57|0x0000000086100000, 0x0000000086100000, 0x0000000086200000|  0%| F|  |TAMS 0x0000000086100000, 0x0000000086100000| Untracked 
|  58|0x0000000086200000, 0x0000000086200000, 0x0000000086300000|  0%| F|  |TAMS 0x0000000086200000, 0x0000000086200000| Untracked 
|  59|0x0000000086300000, 0x0000000086300000, 0x0000000086400000|  0%| F|  |TAMS 0x0000000086300000, 0x0000000086300000| Untracked 
|  60|0x0000000086400000, 0x0000000086400000, 0x0000000086500000|  0%| F|  |TAMS 0x0000000086400000, 0x0000000086400000| Untracked 
|  61|0x0000000086500000, 0x0000000086500000, 0x0000000086600000|  0%| F|  |TAMS 0x0000000086500000, 0x0000000086500000| Untracked 
|  62|0x0000000086600000, 0x0000000086600000, 0x0000000086700000|  0%| F|  |TAMS 0x0000000086600000, 0x0000000086600000| Untracked 
|  63|0x0000000086700000, 0x0000000086700000, 0x0000000086800000|  0%| F|  |TAMS 0x0000000086700000, 0x0000000086700000| Untracked 
|  64|0x0000000086800000, 0x0000000086800000, 0x0000000086900000|  0%| F|  |TAMS 0x0000000086800000, 0x0000000086800000| Untracked 
|  65|0x0000000086900000, 0x0000000086900000, 0x0000000086a00000|  0%| F|  |TAMS 0x0000000086900000, 0x0000000086900000| Untracked 
|  66|0x0000000086a00000, 0x0000000086a00000, 0x0000000086b00000|  0%| F|  |TAMS 0x0000000086a00000, 0x0000000086a00000| Untracked 
|  67|0x0000000086b00000, 0x0000000086b00000, 0x0000000086c00000|  0%| F|  |TAMS 0x0000000086b00000, 0x0000000086b00000| Untracked 
|  68|0x0000000086c00000, 0x0000000086c00000, 0x0000000086d00000|  0%| F|  |TAMS 0x0000000086c00000, 0x0000000086c00000| Untracked 
|  69|0x0000000086d00000, 0x0000000086d00000, 0x0000000086e00000|  0%| F|  |TAMS 0x0000000086d00000, 0x0000000086d00000| Untracked 
|  70|0x0000000086e00000, 0x0000000086e00000, 0x0000000086f00000|  0%| F|  |TAMS 0x0000000086e00000, 0x0000000086e00000| Untracked 
|  71|0x0000000086f00000, 0x0000000086f00000, 0x0000000087000000|  0%| F|  |TAMS 0x0000000086f00000, 0x0000000086f00000| Untracked 
|  72|0x0000000087000000, 0x0000000087000000, 0x0000000087100000|  0%| F|  |TAMS 0x0000000087000000, 0x0000000087000000| Untracked 
|  73|0x0000000087100000, 0x0000000087100000, 0x0000000087200000|  0%| F|  |TAMS 0x0000000087100000, 0x0000000087100000| Untracked 
|  74|0x0000000087200000, 0x0000000087200000, 0x0000000087300000|  0%| F|  |TAMS 0x0000000087200000, 0x0000000087200000| Untracked 
|  75|0x0000000087300000, 0x0000000087300000, 0x0000000087400000|  0%| F|  |TAMS 0x0000000087300000, 0x0000000087300000| Untracked 
|  76|0x0000000087400000, 0x0000000087400000, 0x0000000087500000|  0%| F|  |TAMS 0x0000000087400000, 0x0000000087400000| Untracked 
|  77|0x0000000087500000, 0x0000000087500000, 0x0000000087600000|  0%| F|  |TAMS 0x0000000087500000, 0x0000000087500000| Untracked 
|  78|0x0000000087600000, 0x0000000087600000, 0x0000000087700000|  0%| F|  |TAMS 0x0000000087600000, 0x0000000087600000| Untracked 
|  79|0x0000000087700000, 0x0000000087700000, 0x0000000087800000|  0%| F|  |TAMS 0x0000000087700000, 0x0000000087700000| Untracked 
|  80|0x0000000087800000, 0x0000000087800000, 0x0000000087900000|  0%| F|  |TAMS 0x0000000087800000, 0x0000000087800000| Untracked 
|  81|0x0000000087900000, 0x0000000087900000, 0x0000000087a00000|  0%| F|  |TAMS 0x0000000087900000, 0x0000000087900000| Untracked 
|  82|0x0000000087a00000, 0x0000000087a00000, 0x0000000087b00000|  0%| F|  |TAMS 0x0000000087a00000, 0x0000000087a00000| Untracked 
|  83|0x0000000087b00000, 0x0000000087b00000, 0x0000000087c00000|  0%| F|  |TAMS 0x0000000087b00000, 0x0000000087b00000| Untracked 
|  84|0x0000000087c00000, 0x0000000087c00000, 0x0000000087d00000|  0%| F|  |TAMS 0x0000000087c00000, 0x0000000087c00000| Untracked 
|  85|0x0000000087d00000, 0x0000000087d00000, 0x0000000087e00000|  0%| F|  |TAMS 0x0000000087d00000, 0x0000000087d00000| Untracked 
|  86|0x0000000087e00000, 0x0000000087e00000, 0x0000000087f00000|  0%| F|  |TAMS 0x0000000087e00000, 0x0000000087e00000| Untracked 
|  87|0x0000000087f00000, 0x0000000087f00000, 0x0000000088000000|  0%| F|  |TAMS 0x0000000087f00000, 0x0000000087f00000| Untracked 
|  88|0x0000000088000000, 0x0000000088000000, 0x0000000088100000|  0%| F|  |TAMS 0x0000000088000000, 0x0000000088000000| Untracked 
|  89|0x0000000088100000, 0x0000000088100000, 0x0000000088200000|  0%| F|  |TAMS 0x0000000088100000, 0x0000000088100000| Untracked 
|  90|0x0000000088200000, 0x0000000088200000, 0x0000000088300000|  0%| F|  |TAMS 0x0000000088200000, 0x0000000088200000| Untracked 
|  91|0x0000000088300000, 0x0000000088300000, 0x0000000088400000|  0%| F|  |TAMS 0x0000000088300000, 0x0000000088300000| Untracked 
|  92|0x0000000088400000, 0x0000000088400000, 0x0000000088500000|  0%| F|  |TAMS 0x0000000088400000, 0x0000000088400000| Untracked 
|  93|0x0000000088500000, 0x0000000088500000, 0x0000000088600000|  0%| F|  |TAMS 0x0000000088500000, 0x0000000088500000| Untracked 
|  94|0x0000000088600000, 0x0000000088600000, 0x0000000088700000|  0%| F|  |TAMS 0x0000000088600000, 0x0000000088600000| Untracked 
|  95|0x0000000088700000, 0x0000000088700000, 0x0000000088800000|  0%| F|  |TAMS 0x0000000088700000, 0x0000000088700000| Untracked 
|  96|0x0000000088800000, 0x0000000088800000, 0x0000000088900000|  0%| F|  |TAMS 0x0000000088800000, 0x0000000088800000| Untracked 
|  97|0x0000000088900000, 0x0000000088900000, 0x0000000088a00000|  0%| F|  |TAMS 0x0000000088900000, 0x0000000088900000| Untracked 
|  98|0x0000000088a00000, 0x0000000088a00000, 0x0000000088b00000|  0%| F|  |TAMS 0x0000000088a00000, 0x0000000088a00000| Untracked 
|  99|0x0000000088b00000, 0x0000000088b00000, 0x0000000088c00000|  0%| F|  |TAMS 0x0000000088b00000, 0x0000000088b00000| Untracked 
| 100|0x0000000088c00000, 0x0000000088c00000, 0x0000000088d00000|  0%| F|  |TAMS 0x0000000088c00000, 0x0000000088c00000| Untracked 
| 101|0x0000000088d00000, 0x0000000088d00000, 0x0000000088e00000|  0%| F|  |TAMS 0x0000000088d00000, 0x0000000088d00000| Untracked 
| 102|0x0000000088e00000, 0x0000000088e00000, 0x0000000088f00000|  0%| F|  |TAMS 0x0000000088e00000, 0x0000000088e00000| Untracked 
| 103|0x0000000088f00000, 0x0000000088f00000, 0x0000000089000000|  0%| F|  |TAMS 0x0000000088f00000, 0x0000000088f00000| Untracked 
| 104|0x0000000089000000, 0x0000000089000000, 0x0000000089100000|  0%| F|  |TAMS 0x0000000089000000, 0x0000000089000000| Untracked 
| 105|0x0000000089100000, 0x0000000089100000, 0x0000000089200000|  0%| F|  |TAMS 0x0000000089100000, 0x0000000089100000| Untracked 
| 106|0x0000000089200000, 0x0000000089200000, 0x0000000089300000|  0%| F|  |TAMS 0x0000000089200000, 0x0000000089200000| Untracked 
| 107|0x0000000089300000, 0x0000000089300000, 0x0000000089400000|  0%| F|  |TAMS 0x0000000089300000, 0x0000000089300000| Untracked 
| 108|0x0000000089400000, 0x0000000089400000, 0x0000000089500000|  0%| F|  |TAMS 0x0000000089400000, 0x0000000089400000| Untracked 
| 109|0x0000000089500000, 0x0000000089500000, 0x0000000089600000|  0%| F|  |TAMS 0x0000000089500000, 0x0000000089500000| Untracked 
| 110|0x0000000089600000, 0x0000000089600000, 0x0000000089700000|  0%| F|  |TAMS 0x0000000089600000, 0x0000000089600000| Untracked 
| 111|0x0000000089700000, 0x0000000089700000, 0x0000000089800000|  0%| F|  |TAMS 0x0000000089700000, 0x0000000089700000| Untracked 
| 112|0x0000000089800000, 0x0000000089800000, 0x0000000089900000|  0%| F|  |TAMS 0x0000000089800000, 0x0000000089800000| Untracked 
| 113|0x0000000089900000, 0x0000000089900000, 0x0000000089a00000|  0%| F|  |TAMS 0x0000000089900000, 0x0000000089900000| Untracked 
| 114|0x0000000089a00000, 0x0000000089a00000, 0x0000000089b00000|  0%| F|  |TAMS 0x0000000089a00000, 0x0000000089a00000| Untracked 
| 115|0x0000000089b00000, 0x0000000089b00000, 0x0000000089c00000|  0%| F|  |TAMS 0x0000000089b00000, 0x0000000089b00000| Untracked 
| 116|0x0000000089c00000, 0x0000000089c00000, 0x0000000089d00000|  0%| F|  |TAMS 0x0000000089c00000, 0x0000000089c00000| Untracked 
| 117|0x0000000089d00000, 0x0000000089d00000, 0x0000000089e00000|  0%| F|  |TAMS 0x0000000089d00000, 0x0000000089d00000| Untracked 
| 118|0x0000000089e00000, 0x0000000089e00000, 0x0000000089f00000|  0%| F|  |TAMS 0x0000000089e00000, 0x0000000089e00000| Untracked 
| 119|0x0000000089f00000, 0x0000000089f00000, 0x000000008a000000|  0%| F|  |TAMS 0x0000000089f00000, 0x0000000089f00000| Untracked 
| 120|0x000000008a000000, 0x000000008a000000, 0x000000008a100000|  0%| F|  |TAMS 0x000000008a000000, 0x000000008a000000| Untracked 
| 121|0x000000008a100000, 0x000000008a17b660, 0x000000008a200000| 48%| E|  |TAMS 0x000000008a100000, 0x000000008a100000| Complete 
| 122|0x000000008a200000, 0x000000008a300000, 0x000000008a300000|100%| E|CS|TAMS 0x000000008a200000, 0x000000008a200000| Complete 
| 123|0x000000008a300000, 0x000000008a400000, 0x000000008a400000|100%| E|CS|TAMS 0x000000008a300000, 0x000000008a300000| Complete 
| 124|0x000000008a400000, 0x000000008a500000, 0x000000008a500000|100%| E|CS|TAMS 0x000000008a400000, 0x000000008a400000| Complete 
| 125|0x000000008a500000, 0x000000008a600000, 0x000000008a600000|100%| E|CS|TAMS 0x000000008a500000, 0x000000008a500000| Complete 

Card table byte_map: [0x00000223cd400000,0x00000223cd7f0000] _byte_map_base: 0x00000223ccfec000

Marking Bits (Prev, Next): (CMBitMap*) 0x00000223b9edea98, (CMBitMap*) 0x00000223b9edead0
 Prev Bits: [0x00000223cdbe0000, 0x00000223cfb40000)
 Next Bits: [0x00000223cfb40000, 0x00000223d1aa0000)

Polling page: 0x00000223b7e90000

Metaspace:

Usage:
  Non-class:      5.74 MB capacity,     5.64 MB ( 98%) used,   102.66 KB (  2%) free+waste,     3.69 KB ( <1%) overhead. 
      Class:    606.00 KB capacity,   554.89 KB ( 92%) used,    49.30 KB (  8%) free+waste,     1.81 KB ( <1%) overhead. 
       Both:      6.33 MB capacity,     6.18 MB ( 98%) used,   151.95 KB (  2%) free+waste,     5.50 KB ( <1%) overhead. 

Virtual space:
  Non-class space:        8.00 MB reserved,       5.75 MB ( 72%) committed 
      Class space:        1.00 GB reserved,     640.00 KB ( <1%) committed 
             Both:        1.01 GB reserved,       6.38 MB ( <1%) committed 

Chunk freelists:
   Non-Class:  9.00 KB
       Class:  2.00 KB
        Both:  11.00 KB

MaxMetaspaceSize: 17179869184.00 GB
CompressedClassSpaceSize: 1.00 GB

CodeHeap 'non-profiled nmethods': size=120000Kb used=72Kb max_used=72Kb free=119927Kb
 bounds [0x00000223c5590000, 0x00000223c5800000, 0x00000223ccac0000]
CodeHeap 'profiled nmethods': size=120000Kb used=305Kb max_used=305Kb free=119694Kb
 bounds [0x00000223be060000, 0x00000223be2d0000, 0x00000223c5590000]
CodeHeap 'non-nmethods': size=5760Kb used=1052Kb max_used=1052Kb free=4707Kb
 bounds [0x00000223bdac0000, 0x00000223bdd30000, 0x00000223be060000]
 total_blobs=592 nmethods=252 adapters=252
 compilation: enabled
              stopped_count=0, restarted_count=0
 full_count=0

Compilation events (20 events):
Event: 0.168 Thread 0x00000223d4f5b800  140       3       java.lang.StringCoding::decodeUTF8 (45 bytes)
Event: 0.169 Thread 0x00000223d4f5b800 nmethod 140 0x00000223be093910 code [0x00000223be093b20, 0x00000223be093f98]
Event: 0.169 Thread 0x00000223d4f5b800  152       3       java.lang.String::toUpperCase (29 bytes)
Event: 0.169 Thread 0x00000223d4f5b800 nmethod 152 0x00000223be094110 code [0x00000223be0942e0, 0x00000223be094578]
Event: 0.169 Thread 0x00000223d4f5b800  147       1       sun.util.locale.BaseLocale::getLanguage (5 bytes)
Event: 0.169 Thread 0x00000223d4f5b800 nmethod 147 0x00000223c5599010 code [0x00000223c55991c0, 0x00000223c5599278]
Event: 0.169 Thread 0x00000223d4f5b800  158       3       java.lang.String::endsWith (15 bytes)
Event: 0.169 Thread 0x00000223d4f5b800 nmethod 158 0x00000223be094690 code [0x00000223be094880, 0x00000223be094ba8]
Event: 0.169 Thread 0x00000223d4f58800 nmethod 153 0x00000223c5599310 code [0x00000223c55994a0, 0x00000223c5599658]
Event: 0.169 Thread 0x00000223d4f58800  159       4       java.lang.StringLatin1::toUpperCase (180 bytes)
Event: 0.171 Thread 0x00000223d4f5b800  161       3       java.lang.StringLatin1::newString (17 bytes)
Event: 0.172 Thread 0x00000223d4f5b800 nmethod 161 0x00000223be094d90 code [0x00000223be094f60, 0x00000223be0951e8]
Event: 0.172 Thread 0x00000223d4f5b800  164       3       java.lang.CharacterDataLatin1::toUpperCase (53 bytes)
Event: 0.172 Thread 0x00000223d4f5b800 nmethod 164 0x00000223be095310 code [0x00000223be0954e0, 0x00000223be095758]
Event: 0.172 Thread 0x00000223d4f5b800  162       3       java.lang.Character::toUpperCase (6 bytes)
Event: 0.173 Thread 0x00000223d4f5b800 nmethod 162 0x00000223be095890 code [0x00000223be095a60, 0x00000223be095c98]
Event: 0.173 Thread 0x00000223d4f5b800  163       3       java.lang.Character::toUpperCase (9 bytes)
Event: 0.173 Thread 0x00000223d4f5b800 nmethod 163 0x00000223be095d90 code [0x00000223be095f60, 0x00000223be096138]
Event: 0.173 Thread 0x00000223d4f5b800  165       3       java.util.TreeMap::parentOf (13 bytes)
Event: 0.173 Thread 0x00000223d4f5b800 nmethod 165 0x00000223be096210 code [0x00000223be0963c0, 0x00000223be096518]

GC Heap History (0 events):
No events

Deoptimization events (20 events):
Event: 0.163 Thread 0x00000223b9e9c000 Uncommon trap: trap_request=0xffffff4d fr.pc=0x00000223c5597b18 relative=0x0000000000000158
Event: 0.163 Thread 0x00000223b9e9c000 Uncommon trap: reason=unstable_if action=reinterpret pc=0x00000223c5597b18 method=java.util.zip.ZipFile$Source.isMetaName([BII)Z @ 15 c2
Event: 0.163 Thread 0x00000223b9e9c000 DEOPT PACKING pc=0x00000223c5597b18 sp=0x00000032b2af9650
Event: 0.163 Thread 0x00000223b9e9c000 DEOPT UNPACKING pc=0x00000223bdae662f sp=0x00000032b2af95f8 mode 2
Event: 0.167 Thread 0x00000223b9e9c000 DEOPT PACKING pc=0x00000223be0879d0 sp=0x00000032b2afcb00
Event: 0.167 Thread 0x00000223b9e9c000 DEOPT UNPACKING pc=0x00000223bdae6dde sp=0x00000032b2afbfa0 mode 0
Event: 0.167 Thread 0x00000223b9e9c000 DEOPT PACKING pc=0x00000223be0879d0 sp=0x00000032b2afcb00
Event: 0.167 Thread 0x00000223b9e9c000 DEOPT UNPACKING pc=0x00000223bdae6dde sp=0x00000032b2afbfa0 mode 0
Event: 0.167 Thread 0x00000223b9e9c000 DEOPT PACKING pc=0x00000223be0879d0 sp=0x00000032b2afcb00
Event: 0.167 Thread 0x00000223b9e9c000 DEOPT UNPACKING pc=0x00000223bdae6dde sp=0x00000032b2afbfa0 mode 0
Event: 0.167 Thread 0x00000223b9e9c000 DEOPT PACKING pc=0x00000223be0879d0 sp=0x00000032b2afcb00
Event: 0.167 Thread 0x00000223b9e9c000 DEOPT UNPACKING pc=0x00000223bdae6dde sp=0x00000032b2afbfa0 mode 0
Event: 0.167 Thread 0x00000223b9e9c000 DEOPT PACKING pc=0x00000223be0879d0 sp=0x00000032b2afcb00
Event: 0.167 Thread 0x00000223b9e9c000 DEOPT UNPACKING pc=0x00000223bdae6dde sp=0x00000032b2afbfa0 mode 0
Event: 0.167 Thread 0x00000223b9e9c000 DEOPT PACKING pc=0x00000223be0879d0 sp=0x00000032b2afcb00
Event: 0.167 Thread 0x00000223b9e9c000 DEOPT UNPACKING pc=0x00000223bdae6dde sp=0x00000032b2afbfa0 mode 0
Event: 0.168 Thread 0x00000223b9e9c000 DEOPT PACKING pc=0x00000223be0879d0 sp=0x00000032b2afcb00
Event: 0.168 Thread 0x00000223b9e9c000 DEOPT UNPACKING pc=0x00000223bdae6dde sp=0x00000032b2afbfa0 mode 0
Event: 0.168 Thread 0x00000223b9e9c000 DEOPT PACKING pc=0x00000223be0879d0 sp=0x00000032b2afcb00
Event: 0.168 Thread 0x00000223b9e9c000 DEOPT UNPACKING pc=0x00000223bdae6dde sp=0x00000032b2afbfa0 mode 0

Classes redefined (0 events):
No events

Internal exceptions (0 events):
No events

Events (20 events):
Event: 0.173 loading class java/lang/invoke/StringConcatFactory
Event: 0.173 loading class java/lang/invoke/StringConcatFactory done
Event: 0.173 loading class java/lang/invoke/LambdaForm$NamedFunction
Event: 0.173 loading class java/lang/invoke/LambdaForm$NamedFunction done
Event: 0.174 loading class java/lang/invoke/DirectMethodHandle$Holder
Event: 0.174 loading class java/lang/invoke/DirectMethodHandle$Holder done
Event: 0.174 loading class sun/invoke/util/ValueConversions
Event: 0.174 loading class sun/invoke/util/ValueConversions done
Event: 0.174 loading class java/lang/invoke/MethodHandleImpl
Event: 0.175 loading class java/lang/invoke/MethodHandleImpl done
Event: 0.175 loading class java/lang/invoke/Invokers
Event: 0.175 loading class java/lang/invoke/Invokers done
Event: 0.175 loading class java/lang/invoke/StringConcatFactory$Strategy
Event: 0.175 loading class java/lang/invoke/StringConcatFactory$Strategy done
Event: 0.175 loading class java/lang/invoke/LambdaForm$Kind
Event: 0.175 loading class java/lang/invoke/LambdaForm$Kind done
Event: 0.175 loading class java/lang/NoSuchMethodException
Event: 0.176 loading class java/lang/NoSuchMethodException done
Event: 0.176 loading class java/lang/invoke/LambdaForm$BasicType
Event: 0.176 loading class java/lang/invoke/LambdaForm$BasicType done


Dynamic libraries:
0x00007ff67a1a0000 - 0x00007ff67a1aa000 	C:\Program Files\JetBrains\IntelliJ IDEA 2021.2\jbr\bin\java.exe
0x00007fffb9cf0000 - 0x00007fffb9f01000 	C:\WINDOWS\SYSTEM32\ntdll.dll
0x00007fffb7ff0000 - 0x00007fffb80b2000 	C:\WINDOWS\System32\KERNEL32.DLL
0x00007fffb72a0000 - 0x00007fffb763b000 	C:\WINDOWS\System32\KERNELBASE.dll
0x00007fffb7820000 - 0x00007fffb7931000 	C:\WINDOWS\System32\ucrtbase.dll
0x00007fffa6480000 - 0x00007fffa6499000 	C:\Program Files\JetBrains\IntelliJ IDEA 2021.2\jbr\bin\jli.dll
0x00007fffa39e0000 - 0x00007fffa39f7000 	C:\Program Files\JetBrains\IntelliJ IDEA 2021.2\jbr\bin\VCRUNTIME140.dll
0x00007fffb8200000 - 0x00007fffb83a6000 	C:\WINDOWS\System32\USER32.dll
0x00007fffb7ae0000 - 0x00007fffb7b06000 	C:\WINDOWS\System32\win32u.dll
0x00007fff9f2b0000 - 0x00007fff9f554000 	C:\WINDOWS\WinSxS\amd64_microsoft.windows.common-controls_6595b64144ccf1df_6.0.22581.1_none_5efe8a4b9dcf743d\COMCTL32.dll
0x00007fffb8d60000 - 0x00007fffb8d89000 	C:\WINDOWS\System32\GDI32.dll
0x00007fffb8150000 - 0x00007fffb81f5000 	C:\WINDOWS\System32\msvcrt.dll
0x00007fffb7940000 - 0x00007fffb7a58000 	C:\WINDOWS\System32\gdi32full.dll
0x00007fffb7200000 - 0x00007fffb729a000 	C:\WINDOWS\System32\msvcp_win.dll
0x00007fffb83b0000 - 0x00007fffb83e1000 	C:\WINDOWS\System32\IMM32.DLL
0x00007fff70a30000 - 0x00007fff70acd000 	C:\Program Files\JetBrains\IntelliJ IDEA 2021.2\jbr\bin\msvcp140.dll
0x00007fff5e960000 - 0x00007fff5f4aa000 	C:\Program Files\JetBrains\IntelliJ IDEA 2021.2\jbr\bin\server\jvm.dll
0x00007fffb99e0000 - 0x00007fffb9a8e000 	C:\WINDOWS\System32\ADVAPI32.dll
0x00007fffb9ab0000 - 0x00007fffb9b56000 	C:\WINDOWS\System32\sechost.dll
0x00007fffb9840000 - 0x00007fffb9955000 	C:\WINDOWS\System32\RPCRT4.dll
0x00007fffb9a90000 - 0x00007fffb9a98000 	C:\WINDOWS\System32\PSAPI.DLL
0x00007fffa0f90000 - 0x00007fffa0f99000 	C:\WINDOWS\SYSTEM32\WSOCK32.dll
0x00007fffa77f0000 - 0x00007fffa7824000 	C:\WINDOWS\SYSTEM32\WINMM.dll
0x00007fffb4070000 - 0x00007fffb407a000 	C:\WINDOWS\SYSTEM32\VERSION.dll
0x00007fffb84d0000 - 0x00007fffb8541000 	C:\WINDOWS\System32\WS2_32.dll
0x00007fffb62a0000 - 0x00007fffb62b8000 	C:\WINDOWS\SYSTEM32\kernel.appcore.dll
0x00007fffa9d50000 - 0x00007fffa9d61000 	C:\Program Files\JetBrains\IntelliJ IDEA 2021.2\jbr\bin\verify.dll
0x00007fffb4950000 - 0x00007fffb4b7e000 	C:\WINDOWS\SYSTEM32\DBGHELP.DLL
0x00007fffb8550000 - 0x00007fffb88c5000 	C:\WINDOWS\System32\combase.dll
0x00007fffb8a80000 - 0x00007fffb8b57000 	C:\WINDOWS\System32\OLEAUT32.dll
0x00007fffb4110000 - 0x00007fffb4142000 	C:\WINDOWS\SYSTEM32\dbgcore.DLL
0x00007fffb7a60000 - 0x00007fffb7adb000 	C:\WINDOWS\System32\bcryptPrimitives.dll
0x00007fff91d20000 - 0x00007fff91d49000 	C:\Program Files\JetBrains\IntelliJ IDEA 2021.2\jbr\bin\java.dll
0x00007fffa9ec0000 - 0x00007fffa9ecb000 	C:\Program Files\JetBrains\IntelliJ IDEA 2021.2\jbr\bin\jimage.dll
0x00007fffa7280000 - 0x00007fffa7298000 	C:\Program Files\JetBrains\IntelliJ IDEA 2021.2\jbr\bin\zip.dll
0x00007fffb8d90000 - 0x00007fffb9573000 	C:\WINDOWS\System32\SHELL32.dll
0x00007fffb51a0000 - 0x00007fffb5a38000 	C:\WINDOWS\SYSTEM32\windows.storage.dll
0x00007fffb5060000 - 0x00007fffb519d000 	C:\WINDOWS\SYSTEM32\wintypes.dll
0x00007fffb9740000 - 0x00007fffb9831000 	C:\WINDOWS\System32\SHCORE.dll
0x00007fffb9960000 - 0x00007fffb99be000 	C:\WINDOWS\System32\shlwapi.dll
0x00007fffb7070000 - 0x00007fffb7091000 	C:\WINDOWS\SYSTEM32\profapi.dll
0x00007fffa3a00000 - 0x00007fffa3a1a000 	C:\Program Files\JetBrains\IntelliJ IDEA 2021.2\jbr\bin\net.dll
0x00007fffab610000 - 0x00007fffab722000 	C:\WINDOWS\SYSTEM32\WINHTTP.dll
0x00007fffb66e0000 - 0x00007fffb6749000 	C:\WINDOWS\system32\mswsock.dll
0x00007fff89ee0000 - 0x00007fff89ef4000 	C:\Program Files\JetBrains\IntelliJ IDEA 2021.2\jbr\bin\nio.dll

dbghelp: loaded successfully - version: 4.0.5 - missing functions: none
symbol engine: initialized successfully - sym options: 0x614 - pdb path: .;C:\Program Files\JetBrains\IntelliJ IDEA 2021.2\jbr\bin;C:\WINDOWS\SYSTEM32;C:\WINDOWS\WinSxS\amd64_microsoft.windows.common-controls_6595b64144ccf1df_6.0.22581.1_none_5efe8a4b9dcf743d;C:\Program Files\JetBrains\IntelliJ IDEA 2021.2\jbr\bin\server

VM Arguments:
java_command: git4idea.http.GitAskPassApp Username for 'https://github.com': 
java_class_path (initial): C:/Program Files/JetBrains/IntelliJ IDEA 2021.2/plugins/git4idea/lib/git4idea-rt.jar;C:/Program Files/JetBrains/IntelliJ IDEA 2021.2/lib/3rd-party.jar
Launcher Type: SUN_STANDARD

[Global flags]
     intx CICompilerCount                          = 4                                         {product} {ergonomic}
     uint ConcGCThreads                            = 3                                         {product} {ergonomic}
     uint G1ConcRefinementThreads                  = 10                                        {product} {ergonomic}
   size_t G1HeapRegionSize                         = 1048576                                   {product} {ergonomic}
    uintx GCDrainStackTargetSize                   = 64                                        {product} {ergonomic}
   size_t InitialHeapSize                          = 132120576                                 {product} {ergonomic}
   size_t MarkStackSize                            = 4194304                                   {product} {ergonomic}
   size_t MaxHeapSize                              = 2105540608                                {product} {ergonomic}
   size_t MaxNewSize                               = 1262485504                                {product} {ergonomic}
   size_t MinHeapDeltaBytes                        = 1048576                                   {product} {ergonomic}
    uintx NonNMethodCodeHeapSize                   = 5836300                                {pd product} {ergonomic}
    uintx NonProfiledCodeHeapSize                  = 122910970                              {pd product} {ergonomic}
    uintx ProfiledCodeHeapSize                     = 122910970                              {pd product} {ergonomic}
    uintx ReservedCodeCacheSize                    = 251658240                              {pd product} {ergonomic}
     bool SegmentedCodeCache                       = true                                      {product} {ergonomic}
     bool UseCompressedClassPointers               = true                                 {lp64_product} {ergonomic}
     bool UseCompressedOops                        = true                                 {lp64_product} {ergonomic}
     bool UseG1GC                                  = true                                      {product} {ergonomic}
     bool UseLargePagesIndividualAllocation        = false                                  {pd product} {ergonomic}

Logging:
Log output configuration:
 #0: stdout all=warning uptime,level,tags
 #1: stderr all=off uptime,level,tags

Environment Variables:
PATH=C:\Program Files\Git\mingw64\libexec\git-core;C:\Program Files\Git\mingw64\libexec\git-core;C:\Program Files\Git\mingw64\bin;C:\Program Files\Git\usr\bin;C:\Users\harsh\bin;C:\Program Files (x86)\Common Files\Oracle\Java\javapath;C:\ProgramData\Oracle\Java\javapath;C:\Windows\system32;C:\Windows;C:\Windows\System32\Wbem;C:\Windows\System32\WindowsPowerShell\v1.0;C:\Windows\System32\OpenSSH;C:\Program Files (x86)\NVIDIA Corporation\PhysX\Common;C:\Program Files\NVIDIA Corporation\NVIDIA NvDLISR;C:\Program Files (x86)\mingw-w64\i686-8.1.0-posix-dwarf-rt_v6-rev0\mingw32\bin;C:\WINDOWS\system32;C:\WINDOWS;C:\WINDOWS\System32\Wbem;C:\WINDOWS\System32\WindowsPowerShell\v1.0;C:\WINDOWS\System32\OpenSSH;C:\Program Files\Git\cmd;C:\Program Files (x86)\dotnet;C:\MinGW\bin;C:\Users\harsh\AppData\Local\Programs\Python\Python39\Scripts;C:\Users\harsh\AppData\Local\Programs\Python\Python39;C:\Users\harsh\AppData\Local\Microsoft\WindowsApps;C:\Users\harsh\AppData\Local\Programs\Microsoft VS Code\bin;C:\Program Files\JetBrains\IntelliJ IDEA 2021.2\bin
USERNAME=harsh
DISPLAY=:0.0
LC_ALL=en_US.UTF-8
OS=Windows_NT
PROCESSOR_IDENTIFIER=Intel64 Family 6 Model 165 Stepping 2, GenuineIntel



---------------  S Y S T E M  ---------------

OS: Windows 10 , 64 bit Build 22581 (10.0.22581.1)
OS uptime: 1 days 17:57 hours
Hyper-V role detected

CPU:total 12 (initial active 12) (6 cores per cpu, 2 threads per core) family 6 model 165 stepping 2 microcode 0xe0, cmov, cx8, fxsr, mmx, sse, sse2, sse3, ssse3, sse4.1, sse4.2, popcnt, avx, avx2, aes, clmul, erms, 3dnowpref, lzcnt, ht, tsc, tscinvbit, bmi1, bmi2, adx, fma

Memory: 4k page, system-wide physical 8028M (271M free)
TotalPageFile size 32604M (AvailPageFile size 0M)
current process WorkingSet (physical memory assigned to process): 48M, peak: 48M
current process commit charge ("private bytes"): 210M, peak: 210M

vm_info: OpenJDK 64-Bit Server VM (11.0.11+9-b1504.13) for windows-amd64 JRE (11.0.11+9-b1504.13), built on Jul 18 2021 03:17:44 by "" with MS VC++ 14.0 (VS2015)

END.
